# JRE version: OpenJDK Runtime Environment (8.0_112-b06) (build 1.8.0_112-release-b06)
# Java VM: OpenJDK 64-Bit Server VM (25.112-b06 mixed mode windows-amd64 compressed oops)
Heap:
 PSYoungGen      total 219136K, used 7042K [0x00000000e0000000, 0x00000000efb00000, 0x0000000100000000)
  eden space 211968K, 0% used [0x00000000e0000000,0x00000000e0000000,0x00000000ecf00000)
  from space 7168K, 98% used [0x00000000ed680000,0x00000000edd60bf8,0x00000000edd80000)
  to   space 22528K, 0% used [0x00000000ee500000,0x00000000ee500000,0x00000000efb00000)
 ParOldGen       total 139264K, used 62391K [0x00000000a0000000, 0x00000000a8800000, 0x00000000e0000000)
  object space 139264K, 44% used [0x00000000a0000000,0x00000000a3cede88,0x00000000a8800000)
 Metaspace       used 75279K, capacity 78482K, committed 78552K, reserved 1122304K
  class space    used 9605K, capacity 10223K, committed 10240K, reserved 1048576K
GC Heap History (10 events):
Event: 725.411 GC heap after
Heap after GC invocations=20 (full 3):
 PSYoungGen      total 251904K, used 16257K [0x00000000e0000000, 0x00000000f1800000, 0x0000000100000000)
  eden space 235520K, 0% used [0x00000000e0000000,0x00000000e0000000,0x00000000ee600000)
  from space 16384K, 99% used [0x00000000eee80000,0x00000000efe60528,0x00000000efe80000)
  to   space 25600K, 0% used [0x00000000eff00000,0x00000000eff00000,0x00000000f1800000)
 ParOldGen       total 139264K, used 62103K [0x00000000a0000000, 0x00000000a8800000, 0x00000000e0000000)
  object space 139264K, 44% used [0x00000000a0000000,0x00000000a3ca5e70,0x00000000a8800000)
 Metaspace       used 74070K, capacity 77094K, committed 77528K, reserved 1116160K
  class space    used 9506K, capacity 10118K, committed 10240K, reserved 1048576K
}
Event: 726.526 GC heap before
{Heap before GC invocations=21 (full 3):
 PSYoungGen      total 251904K, used 250874K [0x00000000e0000000, 0x00000000f1800000, 0x0000000100000000)
  eden space 235520K, 99% used [0x00000000e0000000,0x00000000ee51e3a0,0x00000000ee600000)
  from space 16384K, 99% used [0x00000000eee80000,0x00000000efe60528,0x00000000efe80000)
  to   space 25600K, 0% used [0x00000000eff00000,0x00000000eff00000,0x00000000f1800000)
 ParOldGen       total 139264K, used 62103K [0x00000000a0000000, 0x00000000a8800000, 0x00000000e0000000)
  object space 139264K, 44% used [0x00000000a0000000,0x00000000a3ca5e70,0x00000000a8800000)
 Metaspace       used 74290K, capacity 77300K, committed 77528K, reserved 1116160K
  class space    used 9519K, capacity 10129K, committed 10240K, reserved 1048576K
Event: 726.539 GC heap after
Heap after GC invocations=21 (full 3):
 PSYoungGen      total 262144K, used 10194K [0x00000000e0000000, 0x00000000f3d80000, 0x0000000100000000)
  eden space 236544K, 0% used [0x00000000e0000000,0x00000000e0000000,0x00000000ee700000)
  from space 25600K, 39% used [0x00000000eff00000,0x00000000f08f4930,0x00000000f1800000)
  to   space 24576K, 0% used [0x00000000ee700000,0x00000000ee700000,0x00000000eff00000)
 ParOldGen       total 139264K, used 62111K [0x00000000a0000000, 0x00000000a8800000, 0x00000000e0000000)
  object space 139264K, 44% used [0x00000000a0000000,0x00000000a3ca7e70,0x00000000a8800000)
 Metaspace       used 74290K, capacity 77300K, committed 77528K, reserved 1116160K
  class space    used 9519K, capacity 10129K, committed 10240K, reserved 1048576K
}
Event: 4186.103 GC heap before
{Heap before GC invocations=22 (full 3):
 PSYoungGen      total 262144K, used 246738K [0x00000000e0000000, 0x00000000f3d80000, 0x0000000100000000)
  eden space 236544K, 100% used [0x00000000e0000000,0x00000000ee700000,0x00000000ee700000)
  from space 25600K, 39% used [0x00000000eff00000,0x00000000f08f4930,0x00000000f1800000)
  to   space 24576K, 0% used [0x00000000ee700000,0x00000000ee700000,0x00000000eff00000)
 ParOldGen       total 139264K, used 62111K [0x00000000a0000000, 0x00000000a8800000, 0x00000000e0000000)
  object space 139264K, 44% used [0x00000000a0000000,0x00000000a3ca7e70,0x00000000a8800000)
 Metaspace       used 74551K, capacity 77538K, committed 77784K, reserved 1116160K
  class space    used 9537K, capacity 10162K, committed 10240K, reserved 1048576K
Event: 4186.119 GC heap after
Heap after GC invocations=22 (full 3):
 PSYoungGen      total 234496K, used 6487K [0x00000000e0000000, 0x00000000f0d80000, 0x0000000100000000)
  eden space 227840K, 0% used [0x00000000e0000000,0x00000000e0000000,0x00000000ede80000)
  from space 6656K, 97% used [0x00000000ee700000,0x00000000eed55c38,0x00000000eed80000)
  to   space 24064K, 0% used [0x00000000ef600000,0x00000000ef600000,0x00000000f0d80000)
 ParOldGen       total 139264K, used 62375K [0x00000000a0000000, 0x00000000a8800000, 0x00000000e0000000)
  object space 139264K, 44% used [0x00000000a0000000,0x00000000a3ce9e88,0x00000000a8800000)
 Metaspace       used 74551K, capacity 77538K, committed 77784K, reserved 1116160K
  class space    used 9537K, capacity 10162K, committed 10240K, reserved 1048576K
}
Event: 8125.125 GC heap before
{Heap before GC invocations=23 (full 3):
 PSYoungGen      total 234496K, used 234327K [0x00000000e0000000, 0x00000000f0d80000, 0x0000000100000000)
  eden space 227840K, 100% used [0x00000000e0000000,0x00000000ede80000,0x00000000ede80000)
  from space 6656K, 97% used [0x00000000ee700000,0x00000000eed55c38,0x00000000eed80000)
  to   space 24064K, 0% used [0x00000000ef600000,0x00000000ef600000,0x00000000f0d80000)
 ParOldGen       total 139264K, used 62375K [0x00000000a0000000, 0x00000000a8800000, 0x00000000e0000000)
  object space 139264K, 44% used [0x00000000a0000000,0x00000000a3ce9e88,0x00000000a8800000)
 Metaspace       used 75137K, capacity 78314K, committed 78552K, reserved 1118208K
  class space    used 9596K, capacity 10214K, committed 10240K, reserved 1048576K
Event: 8125.153 GC heap after
Heap after GC invocations=23 (full 3):
 PSYoungGen      total 233472K, used 11855K [0x00000000e0000000, 0x00000000f0380000, 0x0000000100000000)
  eden space 219648K, 0% used [0x00000000e0000000,0x00000000e0000000,0x00000000ed680000)
  from space 13824K, 85% used [0x00000000ef600000,0x00000000f0193db8,0x00000000f0380000)
  to   space 23040K, 0% used [0x00000000ed680000,0x00000000ed680000,0x00000000eed00000)
 ParOldGen       total 139264K, used 62383K [0x00000000a0000000, 0x00000000a8800000, 0x00000000e0000000)
  object space 139264K, 44% used [0x00000000a0000000,0x00000000a3cebe88,0x00000000a8800000)
 Metaspace       used 75137K, capacity 78314K, committed 78552K, reserved 1118208K
  class space    used 9596K, capacity 10214K, committed 10240K, reserved 1048576K
}
Event: 8441.319 GC heap before
{Heap before GC invocations=24 (full 3):
 PSYoungGen      total 233472K, used 95623K [0x00000000e0000000, 0x00000000f0380000, 0x0000000100000000)
  eden space 219648K, 38% used [0x00000000e0000000,0x00000000e51ce0a8,0x00000000ed680000)
  from space 13824K, 85% used [0x00000000ef600000,0x00000000f0193db8,0x00000000f0380000)
  to   space 23040K, 0% used [0x00000000ed680000,0x00000000ed680000,0x00000000eed00000)
 ParOldGen       total 139264K, used 62383K [0x00000000a0000000, 0x00000000a8800000, 0x00000000e0000000)
  object space 139264K, 44% used [0x00000000a0000000,0x00000000a3cebe88,0x00000000a8800000)
 Metaspace       used 75279K, capacity 78482K, committed 78552K, reserved 1122304K
  class space    used 9605K, capacity 10223K, committed 10240K, reserved 1048576K
Event: 8441.328 GC heap after
Heap after GC invocations=24 (full 3):
 PSYoungGen      total 219136K, used 7042K [0x00000000e0000000, 0x00000000efb00000, 0x0000000100000000)
  eden space 211968K, 0% used [0x00000000e0000000,0x00000000e0000000,0x00000000ecf00000)
  from space 7168K, 98% used [0x00000000ed680000,0x00000000edd60bf8,0x00000000edd80000)
  to   space 22528K, 0% used [0x00000000ee500000,0x00000000ee500000,0x00000000efb00000)
 ParOldGen       total 139264K, used 62391K [0x00000000a0000000, 0x00000000a8800000, 0x00000000e0000000)
  object space 139264K, 44% used [0x00000000a0000000,0x00000000a3cede88,0x00000000a8800000)
 Metaspace       used 75279K, capacity 78482K, committed 78552K, reserved 1122304K
  class space    used 9605K, capacity 10223K, committed 10240K, reserved 1048576K
}
Event: 8441.328 GC heap before
{Heap before GC invocations=25 (full 4):
 PSYoungGen      total 219136K, used 7042K [0x00000000e0000000, 0x00000000efb00000, 0x0000000100000000)
  eden space 211968K, 0% used [0x00000000e0000000,0x00000000e0000000,0x00000000ecf00000)
  from space 7168K, 98% used [0x00000000ed680000,0x00000000edd60bf8,0x00000000edd80000)
  to   space 22528K, 0% used [0x00000000ee500000,0x00000000ee500000,0x00000000efb00000)
 ParOldGen       total 139264K, used 62391K [0x00000000a0000000, 0x00000000a8800000, 0x00000000e0000000)
  object space 139264K, 44% used [0x00000000a0000000,0x00000000a3cede88,0x00000000a8800000)
 Metaspace       used 75279K, capacity 78482K, committed 78552K, reserved 1122304K
  class space    used 9605K, capacity 10223K, committed 10240K, reserved 1048576K

