# JRE version: OpenJDK Runtime Environment (8.0_112-b06) (build 1.8.0_112-release-b06)
# Java VM: OpenJDK 64-Bit Server VM (25.112-b06 mixed mode windows-amd64 compressed oops)
Heap:
 PSYoungGen      total 69632K, used 30684K [0x00000000e0000000, 0x00000000e4e80000, 0x0000000100000000)
  eden space 58880K, 52% used [0x00000000e0000000,0x00000000e1df7130,0x00000000e3980000)
  from space 10752K, 0% used [0x00000000e3980000,0x00000000e3980000,0x00000000e4400000)
  to   space 9216K, 0% used [0x00000000e4580000,0x00000000e4580000,0x00000000e4e80000)
 ParOldGen       total 68608K, used 14696K [0x00000000a0000000, 0x00000000a4300000, 0x00000000e0000000)
  object space 68608K, 21% used [0x00000000a0000000,0x00000000a0e5a1e8,0x00000000a4300000)
 Metaspace       used 37019K, capacity 37606K, committed 37888K, reserved 1081344K
  class space    used 4921K, capacity 5093K, committed 5120K, reserved 1048576K
GC Heap History (10 events):
Event: 13.412 GC heap before
{Heap before GC invocations=7 (full 1):
 PSYoungGen      total 38400K, used 38036K [0x00000000e0000000, 0x00000000e5080000, 0x0000000100000000)
  eden space 33280K, 100% used [0x00000000e0000000,0x00000000e2080000,0x00000000e2080000)
  from space 5120K, 92% used [0x00000000e2080000,0x00000000e2525368,0x00000000e2580000)
  to   space 11264K, 0% used [0x00000000e4580000,0x00000000e4580000,0x00000000e5080000)
 ParOldGen       total 55296K, used 9260K [0x00000000a0000000, 0x00000000a3600000, 0x00000000e0000000)
  object space 55296K, 16% used [0x00000000a0000000,0x00000000a090b018,0x00000000a3600000)
 Metaspace       used 26085K, capacity 26492K, committed 26752K, reserved 1073152K
  class space    used 3592K, capacity 3697K, committed 3712K, reserved 1048576K
Event: 13.417 GC heap after
Heap after GC invocations=7 (full 1):
 PSYoungGen      total 68096K, used 5286K [0x00000000e0000000, 0x00000000e4e80000, 0x0000000100000000)
  eden space 58880K, 0% used [0x00000000e0000000,0x00000000e0000000,0x00000000e3980000)
  from space 9216K, 57% used [0x00000000e4580000,0x00000000e4aa9958,0x00000000e4e80000)
  to   space 10752K, 0% used [0x00000000e3980000,0x00000000e3980000,0x00000000e4400000)
 ParOldGen       total 55296K, used 9268K [0x00000000a0000000, 0x00000000a3600000, 0x00000000e0000000)
  object space 55296K, 16% used [0x00000000a0000000,0x00000000a090d018,0x00000000a3600000)
 Metaspace       used 26085K, capacity 26492K, committed 26752K, reserved 1073152K
  class space    used 3592K, capacity 3697K, committed 3712K, reserved 1048576K
}
Event: 14.659 GC heap before
{Heap before GC invocations=8 (full 1):
 PSYoungGen      total 68096K, used 64166K [0x00000000e0000000, 0x00000000e4e80000, 0x0000000100000000)
  eden space 58880K, 100% used [0x00000000e0000000,0x00000000e3980000,0x00000000e3980000)
  from space 9216K, 57% used [0x00000000e4580000,0x00000000e4aa9958,0x00000000e4e80000)
  to   space 10752K, 0% used [0x00000000e3980000,0x00000000e3980000,0x00000000e4400000)
 ParOldGen       total 55296K, used 9268K [0x00000000a0000000, 0x00000000a3600000, 0x00000000e0000000)
  object space 55296K, 16% used [0x00000000a0000000,0x00000000a090d018,0x00000000a3600000)
 Metaspace       used 29103K, capacity 29564K, committed 29696K, reserved 1075200K
  class space    used 3941K, capacity 4081K, committed 4096K, reserved 1048576K
Event: 14.698 GC heap after
Heap after GC invocations=8 (full 1):
 PSYoungGen      total 69632K, used 5628K [0x00000000e0000000, 0x00000000e4e80000, 0x0000000100000000)
  eden space 58880K, 0% used [0x00000000e0000000,0x00000000e0000000,0x00000000e3980000)
  from space 10752K, 52% used [0x00000000e3980000,0x00000000e3eff3f0,0x00000000e4400000)
  to   space 9216K, 0% used [0x00000000e4580000,0x00000000e4580000,0x00000000e4e80000)
 ParOldGen       total 55296K, used 9276K [0x00000000a0000000, 0x00000000a3600000, 0x00000000e0000000)
  object space 55296K, 16% used [0x00000000a0000000,0x00000000a090f018,0x00000000a3600000)
 Metaspace       used 29103K, capacity 29564K, committed 29696K, reserved 1075200K
  class space    used 3941K, capacity 4081K, committed 4096K, reserved 1048576K
}
Event: 17.036 GC heap before
{Heap before GC invocations=9 (full 1):
 PSYoungGen      total 69632K, used 64508K [0x00000000e0000000, 0x00000000e4e80000, 0x0000000100000000)
  eden space 58880K, 100% used [0x00000000e0000000,0x00000000e3980000,0x00000000e3980000)
  from space 10752K, 52% used [0x00000000e3980000,0x00000000e3eff3f0,0x00000000e4400000)
  to   space 9216K, 0% used [0x00000000e4580000,0x00000000e4580000,0x00000000e4e80000)
 ParOldGen       total 55296K, used 9276K [0x00000000a0000000, 0x00000000a3600000, 0x00000000e0000000)
  object space 55296K, 16% used [0x00000000a0000000,0x00000000a090f018,0x00000000a3600000)
 Metaspace       used 34174K, capacity 34648K, committed 34944K, reserved 1079296K
  class space    used 4558K, capacity 4716K, committed 4736K, reserved 1048576K
Event: 17.045 GC heap after
Heap after GC invocations=9 (full 1):
 PSYoungGen      total 68096K, used 9198K [0x00000000e0000000, 0x00000000e4e80000, 0x0000000100000000)
  eden space 58880K, 0% used [0x00000000e0000000,0x00000000e0000000,0x00000000e3980000)
  from space 9216K, 99% used [0x00000000e4580000,0x00000000e4e7b9a8,0x00000000e4e80000)
  to   space 10752K, 0% used [0x00000000e3980000,0x00000000e3980000,0x00000000e4400000)
 ParOldGen       total 55296K, used 10897K [0x00000000a0000000, 0x00000000a3600000, 0x00000000e0000000)
  object space 55296K, 19% used [0x00000000a0000000,0x00000000a0aa44f0,0x00000000a3600000)
 Metaspace       used 34174K, capacity 34648K, committed 34944K, reserved 1079296K
  class space    used 4558K, capacity 4716K, committed 4736K, reserved 1048576K
}
Event: 17.131 GC heap before
{Heap before GC invocations=10 (full 1):
 PSYoungGen      total 68096K, used 26900K [0x00000000e0000000, 0x00000000e4e80000, 0x0000000100000000)
  eden space 58880K, 30% used [0x00000000e0000000,0x00000000e1149928,0x00000000e3980000)
  from space 9216K, 99% used [0x00000000e4580000,0x00000000e4e7b9a8,0x00000000e4e80000)
  to   space 10752K, 0% used [0x00000000e3980000,0x00000000e3980000,0x00000000e4400000)
 ParOldGen       total 55296K, used 10897K [0x00000000a0000000, 0x00000000a3600000, 0x00000000e0000000)
  object space 55296K, 19% used [0x00000000a0000000,0x00000000a0aa44f0,0x00000000a3600000)
 Metaspace       used 34774K, capacity 35332K, committed 35496K, reserved 1079296K
  class space    used 4649K, capacity 4814K, committed 4864K, reserved 1048576K
Event: 17.148 GC heap after
Heap after GC invocations=10 (full 1):
 PSYoungGen      total 69632K, used 4719K [0x00000000e0000000, 0x00000000e4e80000, 0x0000000100000000)
  eden space 58880K, 0% used [0x00000000e0000000,0x00000000e0000000,0x00000000e3980000)
  from space 10752K, 43% used [0x00000000e3980000,0x00000000e3e1bf08,0x00000000e4400000)
  to   space 9216K, 0% used [0x00000000e4580000,0x00000000e4580000,0x00000000e4e80000)
 ParOldGen       total 55296K, used 14201K [0x00000000a0000000, 0x00000000a3600000, 0x00000000e0000000)
  object space 55296K, 25% used [0x00000000a0000000,0x00000000a0dde560,0x00000000a3600000)
 Metaspace       used 34774K, capacity 35332K, committed 35496K, reserved 1079296K
  class space    used 4649K, capacity 4814K, committed 4864K, reserved 1048576K
}
Event: 17.148 GC heap before
{Heap before GC invocations=11 (full 2):
 PSYoungGen      total 69632K, used 4719K [0x00000000e0000000, 0x00000000e4e80000, 0x0000000100000000)
  eden space 58880K, 0% used [0x00000000e0000000,0x00000000e0000000,0x00000000e3980000)
  from space 10752K, 43% used [0x00000000e3980000,0x00000000e3e1bf08,0x00000000e4400000)
  to   space 9216K, 0% used [0x00000000e4580000,0x00000000e4580000,0x00000000e4e80000)
 ParOldGen       total 55296K, used 14201K [0x00000000a0000000, 0x00000000a3600000, 0x00000000e0000000)
  object space 55296K, 25% used [0x00000000a0000000,0x00000000a0dde560,0x00000000a3600000)
 Metaspace       used 34774K, capacity 35332K, committed 35496K, reserved 1079296K
  class space    used 4649K, capacity 4814K, committed 4864K, reserved 1048576K
Event: 17.243 GC heap after
Heap after GC invocations=11 (full 2):
 PSYoungGen      total 69632K, used 0K [0x00000000e0000000, 0x00000000e4e80000, 0x0000000100000000)
  eden space 58880K, 0% used [0x00000000e0000000,0x00000000e0000000,0x00000000e3980000)
  from space 10752K, 0% used [0x00000000e3980000,0x00000000e3980000,0x00000000e4400000)
  to   space 9216K, 0% used [0x00000000e4580000,0x00000000e4580000,0x00000000e4e80000)
 ParOldGen       total 68608K, used 14696K [0x00000000a0000000, 0x00000000a4300000, 0x00000000e0000000)
  object space 68608K, 21% used [0x00000000a0000000,0x00000000a0e5a1e8,0x00000000a4300000)
 Metaspace       used 34774K, capacity 35332K, committed 35496K, reserved 1079296K
  class space    used 4649K, capacity 4814K, committed 4864K, reserved 1048576K
}

