# JRE version: OpenJDK Runtime Environment (8.0_112-b06) (build 1.8.0_112-release-b06)
# Java VM: OpenJDK 64-Bit Server VM (25.112-b06 mixed mode windows-amd64 compressed oops)
Heap:
 PSYoungGen      total 207872K, used 77109K [0x00000000e0000000, 0x00000000edb00000, 0x0000000100000000)
  eden space 195584K, 34% used [0x00000000e0000000,0x00000000e41128d8,0x00000000ebf00000)
  from space 12288K, 85% used [0x00000000ecb80000,0x00000000ed5bad70,0x00000000ed780000)
  to   space 12800K, 0% used [0x00000000ebf00000,0x00000000ebf00000,0x00000000ecb80000)
 ParOldGen       total 72704K, used 17937K [0x00000000a0000000, 0x00000000a4700000, 0x00000000e0000000)
  object space 72704K, 24% used [0x00000000a0000000,0x00000000a11845c8,0x00000000a4700000)
 Metaspace       used 45057K, capacity 46146K, committed 46336K, reserved 1089536K
  class space    used 6042K, capacity 6284K, committed 6400K, reserved 1048576K
GC Heap History (10 events):
Event: 5.523 GC heap before
{Heap before GC invocations=6 (full 1):
 PSYoungGen      total 71680K, used 66560K [0x00000000e0000000, 0x00000000e4b00000, 0x0000000100000000)
  eden space 66560K, 100% used [0x00000000e0000000,0x00000000e4100000,0x00000000e4100000)
  from space 5120K, 0% used [0x00000000e4600000,0x00000000e4600000,0x00000000e4b00000)
  to   space 5120K, 0% used [0x00000000e4100000,0x00000000e4100000,0x00000000e4600000)
 ParOldGen       total 54784K, used 9296K [0x00000000a0000000, 0x00000000a3580000, 0x00000000e0000000)
  object space 54784K, 16% used [0x00000000a0000000,0x00000000a0914130,0x00000000a3580000)
 Metaspace       used 26024K, capacity 26444K, committed 26752K, reserved 1073152K
  class space    used 3591K, capacity 3697K, committed 3712K, reserved 1048576K
Event: 5.553 GC heap after
Heap after GC invocations=6 (full 1):
 PSYoungGen      total 71680K, used 5117K [0x00000000e0000000, 0x00000000e8880000, 0x0000000100000000)
  eden space 66560K, 0% used [0x00000000e0000000,0x00000000e0000000,0x00000000e4100000)
  from space 5120K, 99% used [0x00000000e4100000,0x00000000e45ff4c8,0x00000000e4600000)
  to   space 10752K, 0% used [0x00000000e7e00000,0x00000000e7e00000,0x00000000e8880000)
 ParOldGen       total 54784K, used 12137K [0x00000000a0000000, 0x00000000a3580000, 0x00000000e0000000)
  object space 54784K, 22% used [0x00000000a0000000,0x00000000a0bda490,0x00000000a3580000)
 Metaspace       used 26024K, capacity 26444K, committed 26752K, reserved 1073152K
  class space    used 3591K, capacity 3697K, committed 3712K, reserved 1048576K
}
Event: 14.749 GC heap before
{Heap before GC invocations=7 (full 1):
 PSYoungGen      total 71680K, used 71677K [0x00000000e0000000, 0x00000000e8880000, 0x0000000100000000)
  eden space 66560K, 100% used [0x00000000e0000000,0x00000000e4100000,0x00000000e4100000)
  from space 5120K, 99% used [0x00000000e4100000,0x00000000e45ff4c8,0x00000000e4600000)
  to   space 10752K, 0% used [0x00000000e7e00000,0x00000000e7e00000,0x00000000e8880000)
 ParOldGen       total 54784K, used 12137K [0x00000000a0000000, 0x00000000a3580000, 0x00000000e0000000)
  object space 54784K, 22% used [0x00000000a0000000,0x00000000a0bda490,0x00000000a3580000)
 Metaspace       used 29518K, capacity 29986K, committed 30336K, reserved 1075200K
  class space    used 4014K, capacity 4151K, committed 4224K, reserved 1048576K
Event: 14.755 GC heap after
Heap after GC invocations=7 (full 1):
 PSYoungGen      total 121856K, used 6587K [0x00000000e0000000, 0x00000000e8500000, 0x0000000100000000)
  eden space 114688K, 0% used [0x00000000e0000000,0x00000000e0000000,0x00000000e7000000)
  from space 7168K, 91% used [0x00000000e7e00000,0x00000000e846ec78,0x00000000e8500000)
  to   space 10752K, 0% used [0x00000000e7000000,0x00000000e7000000,0x00000000e7a80000)
 ParOldGen       total 54784K, used 12209K [0x00000000a0000000, 0x00000000a3580000, 0x00000000e0000000)
  object space 54784K, 22% used [0x00000000a0000000,0x00000000a0bec4a0,0x00000000a3580000)
 Metaspace       used 29518K, capacity 29986K, committed 30336K, reserved 1075200K
  class space    used 4014K, capacity 4151K, committed 4224K, reserved 1048576K
}
Event: 15.548 GC heap before
{Heap before GC invocations=8 (full 1):
 PSYoungGen      total 121856K, used 75529K [0x00000000e0000000, 0x00000000e8500000, 0x0000000100000000)
  eden space 114688K, 60% used [0x00000000e0000000,0x00000000e4353b08,0x00000000e7000000)
  from space 7168K, 91% used [0x00000000e7e00000,0x00000000e846ec78,0x00000000e8500000)
  to   space 10752K, 0% used [0x00000000e7000000,0x00000000e7000000,0x00000000e7a80000)
 ParOldGen       total 54784K, used 12209K [0x00000000a0000000, 0x00000000a3580000, 0x00000000e0000000)
  object space 54784K, 22% used [0x00000000a0000000,0x00000000a0bec4a0,0x00000000a3580000)
 Metaspace       used 34769K, capacity 35352K, committed 35496K, reserved 1079296K
  class space    used 4657K, capacity 4814K, committed 4864K, reserved 1048576K
Event: 15.572 GC heap after
Heap after GC invocations=8 (full 1):
 PSYoungGen      total 125440K, used 10739K [0x00000000e0000000, 0x00000000ed780000, 0x0000000100000000)
  eden space 114688K, 0% used [0x00000000e0000000,0x00000000e0000000,0x00000000e7000000)
  from space 10752K, 99% used [0x00000000e7000000,0x00000000e7a7cdf8,0x00000000e7a80000)
  to   space 12288K, 0% used [0x00000000ecb80000,0x00000000ecb80000,0x00000000ed780000)
 ParOldGen       total 54784K, used 12858K [0x00000000a0000000, 0x00000000a3580000, 0x00000000e0000000)
  object space 54784K, 23% used [0x00000000a0000000,0x00000000a0c8eb70,0x00000000a3580000)
 Metaspace       used 34769K, capacity 35352K, committed 35496K, reserved 1079296K
  class space    used 4657K, capacity 4814K, committed 4864K, reserved 1048576K
}
Event: 15.572 GC heap before
{Heap before GC invocations=9 (full 2):
 PSYoungGen      total 125440K, used 10739K [0x00000000e0000000, 0x00000000ed780000, 0x0000000100000000)
  eden space 114688K, 0% used [0x00000000e0000000,0x00000000e0000000,0x00000000e7000000)
  from space 10752K, 99% used [0x00000000e7000000,0x00000000e7a7cdf8,0x00000000e7a80000)
  to   space 12288K, 0% used [0x00000000ecb80000,0x00000000ecb80000,0x00000000ed780000)
 ParOldGen       total 54784K, used 12858K [0x00000000a0000000, 0x00000000a3580000, 0x00000000e0000000)
  object space 54784K, 23% used [0x00000000a0000000,0x00000000a0c8eb70,0x00000000a3580000)
 Metaspace       used 34769K, capacity 35352K, committed 35496K, reserved 1079296K
  class space    used 4657K, capacity 4814K, committed 4864K, reserved 1048576K
Event: 15.642 GC heap after
Heap after GC invocations=9 (full 2):
 PSYoungGen      total 125440K, used 0K [0x00000000e0000000, 0x00000000ed780000, 0x0000000100000000)
  eden space 114688K, 0% used [0x00000000e0000000,0x00000000e0000000,0x00000000e7000000)
  from space 10752K, 0% used [0x00000000e7000000,0x00000000e7000000,0x00000000e7a80000)
  to   space 12288K, 0% used [0x00000000ecb80000,0x00000000ecb80000,0x00000000ed780000)
 ParOldGen       total 72704K, used 17929K [0x00000000a0000000, 0x00000000a4700000, 0x00000000e0000000)
  object space 72704K, 24% used [0x00000000a0000000,0x00000000a11825c8,0x00000000a4700000)
 Metaspace       used 34769K, capacity 35352K, committed 35496K, reserved 1079296K
  class space    used 4657K, capacity 4814K, committed 4864K, reserved 1048576K
}
Event: 19.769 GC heap before
{Heap before GC invocations=10 (full 2):
 PSYoungGen      total 125440K, used 114688K [0x00000000e0000000, 0x00000000ed780000, 0x0000000100000000)
  eden space 114688K, 100% used [0x00000000e0000000,0x00000000e7000000,0x00000000e7000000)
  from space 10752K, 0% used [0x00000000e7000000,0x00000000e7000000,0x00000000e7a80000)
  to   space 12288K, 0% used [0x00000000ecb80000,0x00000000ecb80000,0x00000000ed780000)
 ParOldGen       total 72704K, used 17929K [0x00000000a0000000, 0x00000000a4700000, 0x00000000e0000000)
  object space 72704K, 24% used [0x00000000a0000000,0x00000000a11825c8,0x00000000a4700000)
 Metaspace       used 42436K, capacity 43274K, committed 43648K, reserved 1087488K
  class space    used 5674K, capacity 5892K, committed 6016K, reserved 1048576K
Event: 19.777 GC heap after
Heap after GC invocations=10 (full 2):
 PSYoungGen      total 207872K, used 10475K [0x00000000e0000000, 0x00000000edb00000, 0x0000000100000000)
  eden space 195584K, 0% used [0x00000000e0000000,0x00000000e0000000,0x00000000ebf00000)
  from space 12288K, 85% used [0x00000000ecb80000,0x00000000ed5bad70,0x00000000ed780000)
  to   space 12800K, 0% used [0x00000000ebf00000,0x00000000ebf00000,0x00000000ecb80000)
 ParOldGen       total 72704K, used 17937K [0x00000000a0000000, 0x00000000a4700000, 0x00000000e0000000)
  object space 72704K, 24% used [0x00000000a0000000,0x00000000a11845c8,0x00000000a4700000)
 Metaspace       used 42436K, capacity 43274K, committed 43648K, reserved 1087488K
  class space    used 5674K, capacity 5892K, committed 6016K, reserved 1048576K
}

